<?xml version="1.0" encoding="UTF-8"?>
<!-- Generated by org.testng.reporters.JUnitXMLReporter -->
<testsuite hostname="SuneelReddy-PC" ignored="0" name="Default test" tests="3" failures="0" timestamp="16 Apr 2018 22:45:47 GMT" time="3.302" errors="0">
  <testcase name="test_NumberOfCircuitsFor2017Season_ShouldBe20" time="2.617" classname="validatingF1ReponseData.TestClassForValidatingTestData"/>
  <testcase name="validateByPassingAsParameter" time="0.345" classname="validatingF1ReponseData.TestClassForValidatingTestData"/>
  <testcase name="validateStatusCode" time="0.302" classname="validatingF1ReponseData.TestClassForValidatingTestData"/>
</testsuite> <!-- Default test -->
